2016-08-01T00:38:40.079Z - normal: Load ~/.CocosCreator/settings.json
2016-08-01T00:38:40.079Z - normal: checking language setting...
2016-08-01T00:38:40.079Z - normal: Language: zh
2016-08-01T00:38:41.202Z - success: protocol editor-framework registerred
2016-08-01T00:38:41.202Z - success: protocol app registerred
2016-08-01T00:38:41.202Z - success: protocol packages registerred
2016-08-01T00:38:41.202Z - success: protocol unpack registerred
2016-08-01T00:38:41.202Z - normal: failed to connect login server... skipping login
2016-08-01T00:38:41.202Z - normal: Check project E:\ZLMC
2016-08-01T00:38:41.202Z - normal: Initializing Cocos Creator Editor
2016-08-01T00:38:42.949Z - normal: Initializing Cocos2d
2016-08-01T00:38:44.353Z - normal: Initializing Asset Database
2016-08-01T00:38:44.572Z - success: protocol uuid registerred
2016-08-01T00:38:44.572Z - success: protocol uuid registerred
2016-08-01T00:38:44.572Z - success: protocol thumbnail registerred
2016-08-01T00:38:44.572Z - normal: Loading editor/builtin packages
2016-08-01T00:38:45.133Z - success: assets loaded
2016-08-01T00:38:45.133Z - success: builder loaded
2016-08-01T00:38:45.180Z - success: hierarchy loaded
2016-08-01T00:38:45.227Z - success: inspector loaded
2016-08-01T00:38:45.242Z - success: keystore loaded
2016-08-01T00:38:45.258Z - success: node-library loaded
2016-08-01T00:38:45.258Z - success: preferences loaded
2016-08-01T00:38:45.305Z - success: project-importer loaded
2016-08-01T00:38:45.305Z - success: project-settings loaded
2016-08-01T00:38:45.305Z - success: ui-kit loaded
2016-08-01T00:38:45.383Z - success: ui-grid loaded
2016-08-01T00:38:45.398Z - success: scene loaded
2016-08-01T00:38:45.414Z - success: sprite-editor loaded
2016-08-01T00:38:45.430Z - success: timeline loaded
2016-08-01T00:38:45.430Z - success: ui-kit-extra loaded
2016-08-01T00:38:45.430Z - normal: Loading builtin packages
2016-08-01T00:38:45.492Z - success: asset-db-debugger loaded
2016-08-01T00:38:45.492Z - success: code-editor loaded
2016-08-01T00:38:45.492Z - success: color-picker loaded
2016-08-01T00:38:45.508Z - success: console loaded
2016-08-01T00:38:45.523Z - success: package-manager loaded
2016-08-01T00:38:45.523Z - success: tester loaded
2016-08-01T00:38:45.523Z - success: ui-tree loaded
2016-08-01T00:38:45.710Z - normal: Initializing project E:\ZLMC
2016-08-01T00:38:45.742Z - normal: Loading packages
2016-08-01T00:38:45.742Z - normal: Run Application
2016-08-01T00:38:55.336Z - failed: [db-task][init] Failed to import asset E:\ZLMC\assets\Script\NewScript.js, message: SyntaxError: unknown: Unexpected token (157:4)
        "FFV": "浮动作用比例",
        "FUNT": "作用次数"
    tp_skill_table:function(path,Array)
    {
        let self = this;
        cc.loader.loadRes(path, function (err, clip) {
    at Parser.pp.raise (C:\Users\Administrator\AppData\Local\CocosCreator\app-1.1.1\resources\app.asar\node_modules\babylon\lib\parser\location.js:24:13)
    at Parser.pp.unexpected (C:\Users\Administrator\AppData\Local\CocosCreator\app-1.1.1\resources\app.asar\node_modules\babylon\lib\parser\util.js:82:8)
    at Parser.pp.expect (C:\Users\Administrator\AppData\Local\CocosCreator\app-1.1.1\resources\app.asar\node_modules\babylon\lib\parser\util.js:76:33)
    at Parser.pp.parseObj (C:\Users\Administrator\AppData\Local\CocosCreator\app-1.1.1\resources\app.asar\node_modules\babylon\lib\parser\expression.js:596:12)
    at Parser.pp.parseExprAtom (C:\Users\Administrator\AppData\Local\CocosCreator\app-1.1.1\resources\app.asar\node_modules\babylon\lib\parser\expression.js:392:19)
    at Parser.parseExprAtom (C:\Users\Administrator\AppData\Local\CocosCreator\app-1.1.1\resources\app.asar\node_modules\babylon\lib\plugins\jsx\index.js:412:22)
    at Parser.pp.parseExprSubscripts (C:\Users\Administrator\AppData\Local\CocosCreator\app-1.1.1\resources\app.asar\node_modules\babylon\lib\parser\expression.js:236:19)
    at Parser.pp.parseMaybeUnary (C:\Users\Administrator\AppData\Local\CocosCreator\app-1.1.1\resources\app.asar\node_modules\babylon\lib\parser\expression.js:217:19)
    at Parser.pp.parseExprOps (C:\Users\Administrator\AppData\Local\CocosCreator\app-1.1.1\resources\app.asar\node_modules\babylon\lib\parser\expression.js:163:19)
    at Parser.pp.parseMaybeConditional (C:\Users\Administrator\AppData\Local\CocosCreator\app-1.1.1\resources\app.asar\node_modules\babylon\lib\parser\expression.js:145:19)
2016-08-01T00:39:04.415Z - success: preview server running at http://localhost:7456
2016-08-01T00:39:04.415Z - normal: Compiling scripts...
2016-08-01T00:39:08.700Z - normal: Compiled successfully
2016-08-01T00:39:13.157Z - normal: Cannot connect to internet, please login when connection is back...
2016-08-01T00:39:16.444Z - normal: 1.1.1
2016-08-01T00:41:45.475Z - normal: Compiled successfully
2016-08-01T00:42:37.118Z - normal: Compiled successfully
2016-08-01T01:01:12.147Z - normal: Compiled successfully
2016-08-01T01:01:20.072Z - normal: Compiled successfully
2016-08-01T01:03:33.777Z - normal: Compiled successfully
2016-08-01T01:03:38.357Z - normal: Compiled successfully
2016-08-01T01:07:13.945Z - normal: Compiled successfully
2016-08-01T01:08:46.944Z - normal: Compiled successfully
2016-08-01T01:28:16.960Z - normal: Compiled successfully
2016-08-01T01:35:49.343Z - normal: Compiled successfully
2016-08-01T01:36:17.316Z - failed: [db-task][update] failed!
2016-08-01T01:36:17.317Z - error: Failed to update asset db://assets/Script/NewScript.js, messages: SyntaxError: unknown: Unexpected token (14:19)
        itemlist:  {  default:[]    },
        skilllist: {  default:[]    },
        tpSkilllist{  default:[]    }
    },
    // use this for initialization
    onLoad: function () {
    at Parser.pp.raise (C:\Users\Administrator\AppData\Local\CocosCreator\app-1.1.1\resources\app.asar\node_modules\babylon\lib\parser\location.js:24:13)
    at Parser.pp.unexpected (C:\Users\Administrator\AppData\Local\CocosCreator\app-1.1.1\resources\app.asar\node_modules\babylon\lib\parser\util.js:82:8)
    at Parser.pp.expect (C:\Users\Administrator\AppData\Local\CocosCreator\app-1.1.1\resources\app.asar\node_modules\babylon\lib\parser\util.js:76:33)
    at Parser.pp.parseObj (C:\Users\Administrator\AppData\Local\CocosCreator\app-1.1.1\resources\app.asar\node_modules\babylon\lib\parser\expression.js:596:12)
    at Parser.pp.parseExprAtom (C:\Users\Administrator\AppData\Local\CocosCreator\app-1.1.1\resources\app.asar\node_modules\babylon\lib\parser\expression.js:392:19)
    at Parser.parseExprAtom (C:\Users\Administrator\AppData\Local\CocosCreator\app-1.1.1\resources\app.asar\node_modules\babylon\lib\plugins\jsx\index.js:412:22)
    at Parser.pp.parseExprSubscripts (C:\Users\Administrator\AppData\Local\CocosCreator\app-1.1.1\resources\app.asar\node_modules\babylon\lib\parser\expression.js:236:19)
    at Parser.pp.parseMaybeUnary (C:\Users\Administrator\AppData\Local\CocosCreator\app-1.1.1\resources\app.asar\node_modules\babylon\lib\parser\expression.js:217:19)
    at Parser.pp.parseExprOps (C:\Users\Administrator\AppData\Local\CocosCreator\app-1.1.1\resources\app.asar\node_modules\babylon\lib\parser\expression.js:163:19)
    at Parser.pp.parseMaybeConditional (C:\Users\Administrator\AppData\Local\CocosCreator\app-1.1.1\resources\app.asar\node_modules\babylon\lib\parser\expression.js:145:19)
    at s.AssetDB.error (C:\Users\Administrator\AppData\Local\CocosCreator\app-1.1.1\resources\app.asar\asset-db\lib\utils.js:1:2582)
    at Object.callback (C:\Users\Administrator\AppData\Local\CocosCreator\app-1.1.1\resources\app.asar\asset-db\core\ipc.js:1:4154)
    at C:\Users\Administrator\AppData\Local\CocosCreator\app-1.1.1\resources\app.asar\node_modules\async\lib\async.js:906:35
    at _arrayEach (C:\Users\Administrator\AppData\Local\CocosCreator\app-1.1.1\resources\app.asar\node_modules\async\lib\async.js:85:13)
    at C:\Users\Administrator\AppData\Local\CocosCreator\app-1.1.1\resources\app.asar\node_modules\async\lib\async.js:898:17
    at C:\Users\Administrator\AppData\Local\CocosCreator\app-1.1.1\resources\app.asar\node_modules\async\lib\async.js:44:16
    at s.<anonymous> (C:\Users\Administrator\AppData\Local\CocosCreator\app-1.1.1\resources\app.asar\asset-db\index.js:1:1393)
    at C:\Users\Administrator\AppData\Local\CocosCreator\app-1.1.1\resources\app.asar\asset-db\lib\tasks.js:1:17718
    at C:\Users\Administrator\AppData\Local\CocosCreator\app-1.1.1\resources\app.asar\node_modules\async\lib\async.js:52:16
2016-08-01T01:36:26.268Z - normal: Compiled successfully
2016-08-01T02:01:13.064Z - normal: Compiled successfully
2016-08-01T02:33:25.329Z - normal: Compiled successfully
2016-08-01T02:34:36.699Z - normal: Compiled successfully
2016-08-01T02:37:47.335Z - normal: Compiled successfully
2016-08-01T02:37:53.772Z - normal: Compiled successfully
2016-08-01T02:39:19.941Z - normal: Compiled successfully
2016-08-01T02:40:26.972Z - normal: Compiled successfully
2016-08-01T02:40:45.246Z - normal: Compiled successfully
2016-08-01T02:43:50.046Z - normal: Compiled successfully
